ok/sort_list.cl:23: 0  CLASS
ok/sort_list.cl:23: 6  Type<List>
ok/sort_list.cl:23:11  INHERITS
ok/sort_list.cl:23:20  Type<IO>
ok/sort_list.cl:23:23  "{"
ok/sort_list.cl:27: 1  Id<isNil>
ok/sort_list.cl:27: 6  "("
ok/sort_list.cl:27: 7  ")"
ok/sort_list.cl:27: 9  ":"
ok/sort_list.cl:27:11  Type<Bool>
ok/sort_list.cl:27:16  "{"
ok/sort_list.cl:27:18  "{"
ok/sort_list.cl:27:20  Id<abort>
ok/sort_list.cl:27:25  "("
ok/sort_list.cl:27:26  ")"
ok/sort_list.cl:27:27  ";"
ok/sort_list.cl:27:29  Boolean<True>
ok/sort_list.cl:27:33  ";"
ok/sort_list.cl:27:35  "}"
ok/sort_list.cl:27:37  "}"
ok/sort_list.cl:27:38  ";"
ok/sort_list.cl:29: 1  Id<cons>
ok/sort_list.cl:29: 5  "("
ok/sort_list.cl:29: 6  Id<hd>
ok/sort_list.cl:29: 9  ":"
ok/sort_list.cl:29:11  Type<Int>
ok/sort_list.cl:29:14  ")"
ok/sort_list.cl:29:16  ":"
ok/sort_list.cl:29:18  Type<Cons>
ok/sort_list.cl:29:23  "{"
ok/sort_list.cl:30: 3  "("
ok/sort_list.cl:30: 4  LET
ok/sort_list.cl:30: 8  Id<new_cell>
ok/sort_list.cl:30:17  ":"
ok/sort_list.cl:30:19  Type<Cons>
ok/sort_list.cl:30:24  "<-"
ok/sort_list.cl:30:27  NEW
ok/sort_list.cl:30:31  Type<Cons>
ok/sort_list.cl:30:36  IN
ok/sort_list.cl:31: 2  Id<new_cell>
ok/sort_list.cl:31:10  "."
ok/sort_list.cl:31:11  Id<init>
ok/sort_list.cl:31:15  "("
ok/sort_list.cl:31:16  Id<hd>
ok/sort_list.cl:31:18  ","
ok/sort_list.cl:31:19  Id<self>
ok/sort_list.cl:31:23  ")"
ok/sort_list.cl:32: 3  ")"
ok/sort_list.cl:33: 1  "}"
ok/sort_list.cl:33: 2  ";"
ok/sort_list.cl:40: 1  Id<car>
ok/sort_list.cl:40: 4  "("
ok/sort_list.cl:40: 5  ")"
ok/sort_list.cl:40: 7  ":"
ok/sort_list.cl:40: 9  Type<Int>
ok/sort_list.cl:40:13  "{"
ok/sort_list.cl:40:15  "{"
ok/sort_list.cl:40:17  Id<abort>
ok/sort_list.cl:40:22  "("
ok/sort_list.cl:40:23  ")"
ok/sort_list.cl:40:24  ";"
ok/sort_list.cl:40:26  NEW
ok/sort_list.cl:40:30  Type<Int>
ok/sort_list.cl:40:33  ";"
ok/sort_list.cl:40:35  "}"
ok/sort_list.cl:40:37  "}"
ok/sort_list.cl:40:38  ";"
ok/sort_list.cl:42: 1  Id<cdr>
ok/sort_list.cl:42: 4  "("
ok/sort_list.cl:42: 5  ")"
ok/sort_list.cl:42: 7  ":"
ok/sort_list.cl:42: 9  Type<List>
ok/sort_list.cl:42:14  "{"
ok/sort_list.cl:42:16  "{"
ok/sort_list.cl:42:18  Id<abort>
ok/sort_list.cl:42:23  "("
ok/sort_list.cl:42:24  ")"
ok/sort_list.cl:42:25  ";"
ok/sort_list.cl:42:27  NEW
ok/sort_list.cl:42:31  Type<List>
ok/sort_list.cl:42:35  ";"
ok/sort_list.cl:42:37  "}"
ok/sort_list.cl:42:39  "}"
ok/sort_list.cl:42:40  ";"
ok/sort_list.cl:44: 1  Id<rev>
ok/sort_list.cl:44: 4  "("
ok/sort_list.cl:44: 5  ")"
ok/sort_list.cl:44: 7  ":"
ok/sort_list.cl:44: 9  Type<List>
ok/sort_list.cl:44:14  "{"
ok/sort_list.cl:44:16  Id<cdr>
ok/sort_list.cl:44:19  "("
ok/sort_list.cl:44:20  ")"
ok/sort_list.cl:44:22  "}"
ok/sort_list.cl:44:23  ";"
ok/sort_list.cl:46: 1  Id<sort>
ok/sort_list.cl:46: 5  "("
ok/sort_list.cl:46: 6  ")"
ok/sort_list.cl:46: 8  ":"
ok/sort_list.cl:46:10  Type<List>
ok/sort_list.cl:46:15  "{"
ok/sort_list.cl:46:17  Id<cdr>
ok/sort_list.cl:46:20  "("
ok/sort_list.cl:46:21  ")"
ok/sort_list.cl:46:23  "}"
ok/sort_list.cl:46:24  ";"
ok/sort_list.cl:48: 1  Id<insert>
ok/sort_list.cl:48: 7  "("
ok/sort_list.cl:48: 8  Id<i>
ok/sort_list.cl:48:10  ":"
ok/sort_list.cl:48:12  Type<Int>
ok/sort_list.cl:48:15  ")"
ok/sort_list.cl:48:17  ":"
ok/sort_list.cl:48:19  Type<List>
ok/sort_list.cl:48:24  "{"
ok/sort_list.cl:48:26  Id<cdr>
ok/sort_list.cl:48:29  "("
ok/sort_list.cl:48:30  ")"
ok/sort_list.cl:48:32  "}"
ok/sort_list.cl:48:33  ";"
ok/sort_list.cl:50: 1  Id<rcons>
ok/sort_list.cl:50: 6  "("
ok/sort_list.cl:50: 7  Id<i>
ok/sort_list.cl:50: 9  ":"
ok/sort_list.cl:50:11  Type<Int>
ok/sort_list.cl:50:14  ")"
ok/sort_list.cl:50:16  ":"
ok/sort_list.cl:50:18  Type<List>
ok/sort_list.cl:50:23  "{"
ok/sort_list.cl:50:25  Id<cdr>
ok/sort_list.cl:50:28  "("
ok/sort_list.cl:50:29  ")"
ok/sort_list.cl:50:31  "}"
ok/sort_list.cl:50:32  ";"
ok/sort_list.cl:52: 1  Id<print_list>
ok/sort_list.cl:52:11  "("
ok/sort_list.cl:52:12  ")"
ok/sort_list.cl:52:14  ":"
ok/sort_list.cl:52:16  Type<Object>
ok/sort_list.cl:52:23  "{"
ok/sort_list.cl:52:25  Id<abort>
ok/sort_list.cl:52:30  "("
ok/sort_list.cl:52:31  ")"
ok/sort_list.cl:52:33  "}"
ok/sort_list.cl:52:34  ";"
ok/sort_list.cl:53: 0  "}"
ok/sort_list.cl:53: 1  ";"
ok/sort_list.cl:55: 0  CLASS
ok/sort_list.cl:55: 6  Type<Cons>
ok/sort_list.cl:55:11  INHERITS
ok/sort_list.cl:55:20  Type<List>
ok/sort_list.cl:55:25  "{"
ok/sort_list.cl:56: 1  Id<xcar>
ok/sort_list.cl:56: 6  ":"
ok/sort_list.cl:56: 8  Type<Int>
ok/sort_list.cl:56:11  ";"
ok/sort_list.cl:57: 1  Id<xcdr>
ok/sort_list.cl:57: 6  ":"
ok/sort_list.cl:57: 8  Type<List>
ok/sort_list.cl:57:12  ";"
ok/sort_list.cl:61: 1  Id<isNil>
ok/sort_list.cl:61: 6  "("
ok/sort_list.cl:61: 7  ")"
ok/sort_list.cl:61: 9  ":"
ok/sort_list.cl:61:11  Type<Bool>
ok/sort_list.cl:61:16  "{"
ok/sort_list.cl:61:18  Boolean<False>
ok/sort_list.cl:61:24  "}"
ok/sort_list.cl:61:25  ";"
ok/sort_list.cl:63: 1  Id<init>
ok/sort_list.cl:63: 5  "("
ok/sort_list.cl:63: 6  Id<hd>
ok/sort_list.cl:63: 9  ":"
ok/sort_list.cl:63:11  Type<Int>
ok/sort_list.cl:63:14  ","
ok/sort_list.cl:63:16  Id<tl>
ok/sort_list.cl:63:19  ":"
ok/sort_list.cl:63:21  Type<List>
ok/sort_list.cl:63:25  ")"
ok/sort_list.cl:63:27  ":"
ok/sort_list.cl:63:29  Type<Cons>
ok/sort_list.cl:63:34  "{"
ok/sort_list.cl:64: 3  "{"
ok/sort_list.cl:65: 5  Id<xcar>
ok/sort_list.cl:65:10  "<-"
ok/sort_list.cl:65:13  Id<hd>
ok/sort_list.cl:65:15  ";"
ok/sort_list.cl:66: 5  Id<xcdr>
ok/sort_list.cl:66:10  "<-"
ok/sort_list.cl:66:13  Id<tl>
ok/sort_list.cl:66:15  ";"
ok/sort_list.cl:67: 5  Id<self>
ok/sort_list.cl:67: 9  ";"
ok/sort_list.cl:68: 3  "}"
ok/sort_list.cl:69: 1  "}"
ok/sort_list.cl:69: 2  ";"
ok/sort_list.cl:71: 1  Id<car>
ok/sort_list.cl:71: 4  "("
ok/sort_list.cl:71: 5  ")"
ok/sort_list.cl:71: 7  ":"
ok/sort_list.cl:71: 9  Type<Int>
ok/sort_list.cl:71:13  "{"
ok/sort_list.cl:71:15  Id<xcar>
ok/sort_list.cl:71:20  "}"
ok/sort_list.cl:71:21  ";"
ok/sort_list.cl:73: 1  Id<cdr>
ok/sort_list.cl:73: 4  "("
ok/sort_list.cl:73: 5  ")"
ok/sort_list.cl:73: 7  ":"
ok/sort_list.cl:73: 9  Type<List>
ok/sort_list.cl:73:14  "{"
ok/sort_list.cl:73:16  Id<xcdr>
ok/sort_list.cl:73:21  "}"
ok/sort_list.cl:73:22  ";"
ok/sort_list.cl:75: 1  Id<rev>
ok/sort_list.cl:75: 4  "("
ok/sort_list.cl:75: 5  ")"
ok/sort_list.cl:75: 7  ":"
ok/sort_list.cl:75: 9  Type<List>
ok/sort_list.cl:75:14  "{"
ok/sort_list.cl:75:16  "("
ok/sort_list.cl:75:17  Id<xcdr>
ok/sort_list.cl:75:21  "."
ok/sort_list.cl:75:22  Id<rev>
ok/sort_list.cl:75:25  "("
ok/sort_list.cl:75:26  ")"
ok/sort_list.cl:75:27  ")"
ok/sort_list.cl:75:28  "."
ok/sort_list.cl:75:29  Id<rcons>
ok/sort_list.cl:75:34  "("
ok/sort_list.cl:75:35  Id<xcar>
ok/sort_list.cl:75:39  ")"
ok/sort_list.cl:75:41  "}"
ok/sort_list.cl:75:42  ";"
ok/sort_list.cl:77: 1  Id<sort>
ok/sort_list.cl:77: 5  "("
ok/sort_list.cl:77: 6  ")"
ok/sort_list.cl:77: 8  ":"
ok/sort_list.cl:77:10  Type<List>
ok/sort_list.cl:77:15  "{"
ok/sort_list.cl:77:17  "("
ok/sort_list.cl:77:18  Id<xcdr>
ok/sort_list.cl:77:22  "."
ok/sort_list.cl:77:23  Id<sort>
ok/sort_list.cl:77:27  "("
ok/sort_list.cl:77:28  ")"
ok/sort_list.cl:77:29  ")"
ok/sort_list.cl:77:30  "."
ok/sort_list.cl:77:31  Id<insert>
ok/sort_list.cl:77:37  "("
ok/sort_list.cl:77:38  Id<xcar>
ok/sort_list.cl:77:42  ")"
ok/sort_list.cl:77:44  "}"
ok/sort_list.cl:77:45  ";"
ok/sort_list.cl:79: 1  Id<insert>
ok/sort_list.cl:79: 7  "("
ok/sort_list.cl:79: 8  Id<i>
ok/sort_list.cl:79:10  ":"
ok/sort_list.cl:79:12  Type<Int>
ok/sort_list.cl:79:15  ")"
ok/sort_list.cl:79:17  ":"
ok/sort_list.cl:79:19  Type<List>
ok/sort_list.cl:79:24  "{"
ok/sort_list.cl:80: 2  IF
ok/sort_list.cl:80: 5  Id<i>
ok/sort_list.cl:80: 7  "<"
ok/sort_list.cl:80: 9  Id<xcar>
ok/sort_list.cl:80:14  THEN
ok/sort_list.cl:81: 3  "("
ok/sort_list.cl:81: 4  NEW
ok/sort_list.cl:81: 8  Type<Cons>
ok/sort_list.cl:81:12  ")"
ok/sort_list.cl:81:13  "."
ok/sort_list.cl:81:14  Id<init>
ok/sort_list.cl:81:18  "("
ok/sort_list.cl:81:19  Id<i>
ok/sort_list.cl:81:20  ","
ok/sort_list.cl:81:21  Id<self>
ok/sort_list.cl:81:25  ")"
ok/sort_list.cl:82: 2  ELSE
ok/sort_list.cl:83: 3  "("
ok/sort_list.cl:83: 4  NEW
ok/sort_list.cl:83: 8  Type<Cons>
ok/sort_list.cl:83:12  ")"
ok/sort_list.cl:83:13  "."
ok/sort_list.cl:83:14  Id<init>
ok/sort_list.cl:83:18  "("
ok/sort_list.cl:83:19  Id<xcar>
ok/sort_list.cl:83:23  ","
ok/sort_list.cl:83:24  Id<xcdr>
ok/sort_list.cl:83:28  "."
ok/sort_list.cl:83:29  Id<insert>
ok/sort_list.cl:83:35  "("
ok/sort_list.cl:83:36  Id<i>
ok/sort_list.cl:83:37  ")"
ok/sort_list.cl:83:38  ")"
ok/sort_list.cl:84: 2  FI
ok/sort_list.cl:85: 1  "}"
ok/sort_list.cl:85: 2  ";"
ok/sort_list.cl:88: 1  Id<rcons>
ok/sort_list.cl:88: 6  "("
ok/sort_list.cl:88: 7  Id<i>
ok/sort_list.cl:88: 9  ":"
ok/sort_list.cl:88:11  Type<Int>
ok/sort_list.cl:88:14  ")"
ok/sort_list.cl:88:16  ":"
ok/sort_list.cl:88:18  Type<List>
ok/sort_list.cl:88:23  "{"
ok/sort_list.cl:88:25  "("
ok/sort_list.cl:88:26  NEW
ok/sort_list.cl:88:30  Type<Cons>
ok/sort_list.cl:88:34  ")"
ok/sort_list.cl:88:35  "."
ok/sort_list.cl:88:36  Id<init>
ok/sort_list.cl:88:40  "("
ok/sort_list.cl:88:41  Id<xcar>
ok/sort_list.cl:88:45  ","
ok/sort_list.cl:88:47  Id<xcdr>
ok/sort_list.cl:88:51  "."
ok/sort_list.cl:88:52  Id<rcons>
ok/sort_list.cl:88:57  "("
ok/sort_list.cl:88:58  Id<i>
ok/sort_list.cl:88:59  ")"
ok/sort_list.cl:88:60  ")"
ok/sort_list.cl:88:62  "}"
ok/sort_list.cl:88:63  ";"
ok/sort_list.cl:90: 1  Id<print_list>
ok/sort_list.cl:90:11  "("
ok/sort_list.cl:90:12  ")"
ok/sort_list.cl:90:14  ":"
ok/sort_list.cl:90:16  Type<Object>
ok/sort_list.cl:90:23  "{"
ok/sort_list.cl:91: 2  "{"
ok/sort_list.cl:92: 7  Id<out_int>
ok/sort_list.cl:92:14  "("
ok/sort_list.cl:92:15  Id<xcar>
ok/sort_list.cl:92:19  ")"
ok/sort_list.cl:92:20  ";"
ok/sort_list.cl:93: 7  Id<out_string>
ok/sort_list.cl:93:17  "("
ok/sort_list.cl:93:18  String<>
ok/sort_list.cl:93:22  ")"
ok/sort_list.cl:93:23  ";"
ok/sort_list.cl:94: 7  Id<xcdr>
ok/sort_list.cl:94:11  "."
ok/sort_list.cl:94:12  Id<print_list>
ok/sort_list.cl:94:22  "("
ok/sort_list.cl:94:23  ")"
ok/sort_list.cl:94:24  ";"
ok/sort_list.cl:95: 2  "}"
ok/sort_list.cl:96: 1  "}"
ok/sort_list.cl:96: 2  ";"
ok/sort_list.cl:97: 0  "}"
ok/sort_list.cl:97: 1  ";"
ok/sort_list.cl:99: 0  CLASS
ok/sort_list.cl:99: 6  Type<Nil>
ok/sort_list.cl:99:10  INHERITS
ok/sort_list.cl:99:19  Type<List>
ok/sort_list.cl:99:24  "{"
ok/sort_list.cl:100: 1  Id<isNil>
ok/sort_list.cl:100: 6  "("
ok/sort_list.cl:100: 7  ")"
ok/sort_list.cl:100: 9  ":"
ok/sort_list.cl:100:11  Type<Bool>
ok/sort_list.cl:100:16  "{"
ok/sort_list.cl:100:18  Boolean<True>
ok/sort_list.cl:100:23  "}"
ok/sort_list.cl:100:24  ";"
ok/sort_list.cl:102: 8  Id<rev>
ok/sort_list.cl:102:11  "("
ok/sort_list.cl:102:12  ")"
ok/sort_list.cl:102:14  ":"
ok/sort_list.cl:102:16  Type<List>
ok/sort_list.cl:102:21  "{"
ok/sort_list.cl:102:23  Id<self>
ok/sort_list.cl:102:28  "}"
ok/sort_list.cl:102:29  ";"
ok/sort_list.cl:104: 1  Id<sort>
ok/sort_list.cl:104: 5  "("
ok/sort_list.cl:104: 6  ")"
ok/sort_list.cl:104: 8  ":"
ok/sort_list.cl:104:10  Type<List>
ok/sort_list.cl:104:15  "{"
ok/sort_list.cl:104:17  Id<self>
ok/sort_list.cl:104:22  "}"
ok/sort_list.cl:104:23  ";"
ok/sort_list.cl:106: 1  Id<insert>
ok/sort_list.cl:106: 7  "("
ok/sort_list.cl:106: 8  Id<i>
ok/sort_list.cl:106:10  ":"
ok/sort_list.cl:106:12  Type<Int>
ok/sort_list.cl:106:15  ")"
ok/sort_list.cl:106:17  ":"
ok/sort_list.cl:106:19  Type<List>
ok/sort_list.cl:106:24  "{"
ok/sort_list.cl:106:26  Id<rcons>
ok/sort_list.cl:106:31  "("
ok/sort_list.cl:106:32  Id<i>
ok/sort_list.cl:106:33  ")"
ok/sort_list.cl:106:35  "}"
ok/sort_list.cl:106:36  ";"
ok/sort_list.cl:108: 1  Id<rcons>
ok/sort_list.cl:108: 6  "("
ok/sort_list.cl:108: 7  Id<i>
ok/sort_list.cl:108: 9  ":"
ok/sort_list.cl:108:11  Type<Int>
ok/sort_list.cl:108:14  ")"
ok/sort_list.cl:108:16  ":"
ok/sort_list.cl:108:18  Type<List>
ok/sort_list.cl:108:23  "{"
ok/sort_list.cl:108:25  "("
ok/sort_list.cl:108:26  NEW
ok/sort_list.cl:108:30  Type<Cons>
ok/sort_list.cl:108:34  ")"
ok/sort_list.cl:108:35  "."
ok/sort_list.cl:108:36  Id<init>
ok/sort_list.cl:108:40  "("
ok/sort_list.cl:108:41  Id<i>
ok/sort_list.cl:108:42  ","
ok/sort_list.cl:108:43  Id<self>
ok/sort_list.cl:108:47  ")"
ok/sort_list.cl:108:49  "}"
ok/sort_list.cl:108:50  ";"
ok/sort_list.cl:110: 1  Id<print_list>
ok/sort_list.cl:110:11  "("
ok/sort_list.cl:110:12  ")"
ok/sort_list.cl:110:14  ":"
ok/sort_list.cl:110:16  Type<Object>
ok/sort_list.cl:110:23  "{"
ok/sort_list.cl:110:25  Boolean<True>
ok/sort_list.cl:110:30  "}"
ok/sort_list.cl:110:31  ";"
ok/sort_list.cl:112: 0  "}"
ok/sort_list.cl:112: 1  ";"
ok/sort_list.cl:115: 0  CLASS
ok/sort_list.cl:115: 6  Type<Main>
ok/sort_list.cl:115:11  INHERITS
ok/sort_list.cl:115:20  Type<IO>
ok/sort_list.cl:115:23  "{"
ok/sort_list.cl:117: 1  Id<l>
ok/sort_list.cl:117: 3  ":"
ok/sort_list.cl:117: 5  Type<List>
ok/sort_list.cl:117: 9  ";"
ok/sort_list.cl:120: 1  Id<iota>
ok/sort_list.cl:120: 5  "("
ok/sort_list.cl:120: 6  Id<i>
ok/sort_list.cl:120: 8  ":"
ok/sort_list.cl:120:10  Type<Int>
ok/sort_list.cl:120:13  ")"
ok/sort_list.cl:120:15  ":"
ok/sort_list.cl:120:17  Type<List>
ok/sort_list.cl:120:22  "{"
ok/sort_list.cl:121: 5  "{"
ok/sort_list.cl:122: 2  Id<l>
ok/sort_list.cl:122: 4  "<-"
ok/sort_list.cl:122: 7  NEW
ok/sort_list.cl:122:11  Type<Nil>
ok/sort_list.cl:122:14  ";"
ok/sort_list.cl:123: 2  "("
ok/sort_list.cl:123: 3  LET
ok/sort_list.cl:123: 7  Id<j>
ok/sort_list.cl:123: 9  ":"
ok/sort_list.cl:123:11  Type<Int>
ok/sort_list.cl:123:15  "<-"
ok/sort_list.cl:123:18  Int<0>
ok/sort_list.cl:123:20  IN
ok/sort_list.cl:124: 5  WHILE
ok/sort_list.cl:124:11  Id<j>
ok/sort_list.cl:124:13  "<"
ok/sort_list.cl:124:15  Id<i>
ok/sort_list.cl:125: 5  LOOP
ok/sort_list.cl:126: 7  "{"
ok/sort_list.cl:127: 9  Id<l>
ok/sort_list.cl:127:11  "<-"
ok/sort_list.cl:127:14  "("
ok/sort_list.cl:127:15  NEW
ok/sort_list.cl:127:19  Type<Cons>
ok/sort_list.cl:127:23  ")"
ok/sort_list.cl:127:24  "."
ok/sort_list.cl:127:25  Id<init>
ok/sort_list.cl:127:29  "("
ok/sort_list.cl:127:30  Id<j>
ok/sort_list.cl:127:31  ","
ok/sort_list.cl:127:32  Id<l>
ok/sort_list.cl:127:33  ")"
ok/sort_list.cl:127:34  ";"
ok/sort_list.cl:128: 9  Id<j>
ok/sort_list.cl:128:11  "<-"
ok/sort_list.cl:128:14  Id<j>
ok/sort_list.cl:128:16  "+"
ok/sort_list.cl:128:18  Int<1>
ok/sort_list.cl:128:19  ";"
ok/sort_list.cl:129: 7  "}"
ok/sort_list.cl:130: 5  POOL
ok/sort_list.cl:131: 2  ")"
ok/sort_list.cl:131: 3  ";"
ok/sort_list.cl:132: 2  Id<l>
ok/sort_list.cl:132: 3  ";"
ok/sort_list.cl:133: 5  "}"
ok/sort_list.cl:134: 1  "}"
ok/sort_list.cl:134: 2  ";"
ok/sort_list.cl:136: 1  Id<main>
ok/sort_list.cl:136: 5  "("
ok/sort_list.cl:136: 6  ")"
ok/sort_list.cl:136: 8  ":"
ok/sort_list.cl:136:10  Type<Object>
ok/sort_list.cl:136:17  "{"
ok/sort_list.cl:137: 4  "{"
ok/sort_list.cl:138: 6  Id<out_string>
ok/sort_list.cl:138:16  "("
ok/sort_list.cl:138:17  String<How many numbers to >
ok/sort_list.cl:138:44  ")"
ok/sort_list.cl:138:45  ";"
ok/sort_list.cl:139: 6  Id<iota>
ok/sort_list.cl:139:10  "("
ok/sort_list.cl:139:11  Id<in_int>
ok/sort_list.cl:139:17  "("
ok/sort_list.cl:139:18  ")"
ok/sort_list.cl:139:19  ")"
ok/sort_list.cl:139:20  "."
ok/sort_list.cl:139:21  Id<rev>
ok/sort_list.cl:139:24  "("
ok/sort_list.cl:139:25  ")"
ok/sort_list.cl:139:26  "."
ok/sort_list.cl:139:27  Id<sort>
ok/sort_list.cl:139:31  "("
ok/sort_list.cl:139:32  ")"
ok/sort_list.cl:139:33  "."
ok/sort_list.cl:139:34  Id<print_list>
ok/sort_list.cl:139:44  "("
ok/sort_list.cl:139:45  ")"
ok/sort_list.cl:139:46  ";"
ok/sort_list.cl:140: 4  "}"
ok/sort_list.cl:141: 1  "}"
ok/sort_list.cl:141: 2  ";"
ok/sort_list.cl:142: 0  "}"
ok/sort_list.cl:142: 1  ";"
