program
    class Main : IO
        method main : Object
            block [Main]
                call out_string [Main]
                    args
                        str "I'm a " [String]
                call out_string [Main]
                    args
                        if [String]
                            bool true [Bool]
                        then
                            str "Marvel" [String]
                        else
                            str "DC" [String]
                call out_string [Main]
                    args
                        str "\nSince year " [String]
                call out_int [Main]
                    args
                        if [Int]
                            bool false [Bool]
                        then
                            int 1978 [Int]
                        else
                            int 3915 [Int]
