program
    class Main : IO
        field Int result
        field Int a
        method main : Object
            block [Main]
                call out_int [Main]
                    args
                        binary + [Int]
                            int 3 [Int]
                            int 5 [Int]
                call out_string [Main]
                    args
                        str "\n" [String]
                assign a [Int]
                    int 392 [Int]
                call out_int [Main]
                    args
                        binary + [Int]
                            int 32 [Int]
                            id a [Int]
                call out_string [Main]
                    args
                        str "\n" [String]
                call out_int [Main]
                    args
                        binary + [Int]
                            id a [Int]
                            int 15 [Int]
                call out_string [Main]
                    args
                        str "\n" [String]
                assign a [Int]
                    int 224 [Int]
                assign result [Int]
                    binary + [Int]
                        id a [Int]
                        int 100 [Int]
                call out_int [Main]
                    args
                        id result [Int]
                call out_string [Main]
                    args
                        str "\n" [String]
                assign a [Int]
                    binary + [Int]
                        id a [Int]
                        id a [Int]
                call out_int [Main]
                    args
                        id a [Int]
